<?xml version="1.0" encoding="UTF-8"?>
<!-- Generated by org.testng.reporters.JUnitReportReporter -->
<testsuite hostname="DESKTOP-OM9VGIO" failures="0" tests="2" name="TestNG.DataProvider2" time="175.923" errors="0" timestamp="2025-06-28T08:33:43 IST" skipped="0">
  <testcase classname="TestNG.DataProvider2" name="createproduct" time="132.260"/>
  <testcase classname="TestNG.DataProvider2" name="createproduct" time="43.663"/>
</testsuite> <!-- TestNG.DataProvider2 -->
