<?xml version="1.0" encoding="UTF-8"?>
<!-- Generated by org.testng.reporters.JUnitReportReporter -->
<testsuite hostname="DESKTOP-OM9VGIO" failures="0" tests="1" name="Product.CreateProductTest" time="333.809" errors="0" timestamp="2025-07-09T15:42:49 IST" skipped="0">
  <testcase classname="Product.CreateProductTest" name="CreateProduct" time="333.809"/>
</testsuite> <!-- Product.CreateProductTest -->
