<?xml version="1.0" encoding="UTF-8"?>
<!-- Generated by org.testng.reporters.JUnitReportReporter -->
<testsuite hostname="DESKTOP-OM9VGIO" failures="0" tests="2" name="TestNG.DataProviderPrac" time="0.035" errors="0" timestamp="2025-06-28T07:59:14 IST" skipped="0">
  <testcase classname="TestNG.DataProviderPrac" name="booktickets" time="0.028"/>
  <testcase classname="TestNG.DataProviderPrac" name="booktickets" time="0.007"/>
</testsuite> <!-- TestNG.DataProviderPrac -->
