<?xml version="1.0" encoding="UTF-8"?>
<!-- Generated by org.testng.reporters.JUnitReportReporter -->
<testsuite hostname="DESKTOP-OM9VGIO" failures="0" tests="1" name="Campaigns.CreateCampTest" time="211.627" errors="0" timestamp="2025-07-09T16:06:33 IST" skipped="0">
  <testcase classname="Campaigns.CreateCampTest" name="CreateCamp" time="211.627"/>
</testsuite> <!-- Campaigns.CreateCampTest -->
