<?xml version="1.0" encoding="UTF-8"?>
<!-- Generated by org.testng.reporters.JUnitReportReporter -->
<testsuite hostname="DESKTOP-OM9VGIO" failures="0" tests="1" name="Product.DeleteProductTest" time="105.681" errors="0" timestamp="2025-07-09T15:52:20 IST" skipped="0">
  <testcase classname="Product.DeleteProductTest" name="DeleteProduct" time="105.681"/>
</testsuite> <!-- Product.DeleteProductTest -->
